SF:lib/src/meta_weather_api_client.dart
DA:25,1
DA:26,1
DA:32,1
DA:33,1
DA:36,1
DA:38,3
DA:40,2
DA:41,1
DA:44,1
DA:45,1
DA:48,1
DA:49,1
DA:52,2
DA:56,1
DA:57,2
DA:58,3
DA:60,2
DA:61,1
DA:64,2
DA:66,1
DA:67,1
DA:70,1
DA:72,1
DA:73,1
DA:76,2
LF:25
LH:25
end_of_record
SF:lib/src/models/location.g.dart
DA:9,2
DA:10,0
DA:11,2
DA:12,4
DA:13,0
DA:14,0
DA:18,0
DA:19,0
DA:20,0
DA:21,0
DA:22,0
DA:25,2
DA:31,4
DA:33,4
DA:37,0
DA:38,0
DA:39,0
DA:41,0
DA:43,0
DA:46,0
DA:48,0
LF:21
LH:6
end_of_record
SF:lib/src/models/location.dart
DA:5,3
DA:22,0
DA:29,2
DA:30,2
DA:41,0
DA:48,6
DA:50,0
DA:52,0
DA:55,0
DA:57,0
DA:58,0
DA:59,0
DA:60,0
LF:13
LH:4
end_of_record
SF:lib/src/models/weather.g.dart
DA:9,2
DA:10,0
DA:11,2
DA:12,2
DA:13,0
DA:14,0
DA:16,0
DA:17,0
DA:19,0
DA:20,0
DA:21,0
DA:22,0
DA:23,0
DA:24,0
DA:25,0
DA:26,0
DA:27,0
DA:28,0
DA:29,0
DA:33,0
DA:34,0
DA:35,0
DA:36,0
DA:38,0
DA:39,0
DA:40,0
DA:41,0
DA:42,0
DA:43,0
DA:44,0
DA:45,0
DA:46,0
DA:47,0
DA:48,0
DA:49,0
DA:52,0
DA:58,0
DA:60,0
DA:64,0
DA:65,0
DA:66,0
DA:68,0
DA:70,0
DA:73,0
DA:75,0
LF:45
LH:3
end_of_record
SF:lib/src/models/weather.dart
DA:5,3
DA:30,2
DA:33,3
DA:55,0
DA:73,2
DA:74,2
LF:6
LH:5
end_of_record
